
/home/runner/work/exp-block-codes-iiith/exp-block-codes-iiith/experiment/simulation/js/dimension_linear_block.js
   64:10  warning  'reset' is defined but never used                         no-unused-vars
   82:5   warning  'MathJax' is not defined                                  no-undef
  102:10  warning  'yesValidGeneratorMatrix' is defined but never used       no-unused-vars
  112:13  warning  'rateQuestion' is not defined                             no-undef
  124:10  warning  'notValidGeneratorMatrix' is defined but never used       no-unused-vars
  127:11  warning  'isGeneratorQuestion' is assigned a value but never used  no-unused-vars
  154:10  warning  'checkRate' is defined but never used                     no-unused-vars

/home/runner/work/exp-block-codes-iiith/exp-block-codes-iiith/experiment/simulation/js/encoding.js
   15:10  warning  'toggleBit' is defined but never used          no-unused-vars
   21:10  warning  'toggleCodewordBit' is defined but never used  no-unused-vars
   27:10  warning  'toggleReceivedBit' is defined but never used  no-unused-vars
   33:10  warning  'display' is defined but never used            no-unused-vars
   46:10  warning  'initial' is defined but never used            no-unused-vars
   49:11  warning  'form1' is assigned a value but never used     no-unused-vars
   56:5   warning  'cTransmitted' is not defined                  no-undef
   57:5   warning  'decodedEntered' is not defined                no-undef
   61:5   warning  'part3' is not defined                         no-undef
   62:5   warning  'part4' is not defined                         no-undef
   70:5   warning  'form3' is not defined                         no-undef
   71:5   warning  'form4' is not defined                         no-undef
   75:10  warning  'check' is defined but never used              no-unused-vars
   78:11  warning  'obs' is assigned a value but never used       no-unused-vars
  117:10  warning  'transmit' is defined but never used           no-unused-vars
  121:11  warning  'obs' is assigned a value but never used       no-unused-vars
  143:5   warning  'part1' is not defined                         no-undef
  144:5   warning  'part2' is not defined                         no-undef
  145:5   warning  'part3' is not defined                         no-undef
  146:5   warning  'part4' is not defined                         no-undef
  149:10  warning  'checkReceived' is defined but never used      no-unused-vars
  172:5   warning  'isCorrect' is not defined                     no-undef
  175:13  warning  'isCorrect' is not defined                     no-undef
  177:10  warning  Unnecessary semicolon                          no-extra-semi
  180:29  warning  'isCorrect' is not defined                     no-undef
  182:9   warning  'isCorrect' is not defined                     no-undef

/home/runner/work/exp-block-codes-iiith/exp-block-codes-iiith/experiment/simulation/js/identify_codewords.js
  1:5  warning  'array1' is assigned a value but never used  no-unused-vars
  2:5  warning  'array2' is assigned a value but never used  no-unused-vars
  3:5  warning  'cnt1' is defined but never used             no-unused-vars
  4:5  warning  'cnt2' is defined but never used             no-unused-vars

/home/runner/work/exp-block-codes-iiith/exp-block-codes-iiith/experiment/simulation/js/minimum_distance.js
    1:5   warning  'm1' is defined but never used                             no-unused-vars
    1:9   warning  'm2' is defined but never used                             no-unused-vars
    1:13  warning  'm3' is defined but never used                             no-unused-vars
    5:5   warning  'receivedCodewordBits' is assigned a value but never used  no-unused-vars
    9:10  warning  'toggleBit' is defined but never used                      no-unused-vars
   15:10  warning  'toggleCodewordBit' is defined but never used              no-unused-vars
   21:10  warning  'initial' is defined but never used                        no-unused-vars
   47:10  warning  'submitCodeword' is defined but never used                 no-unused-vars
   72:10  warning  Unnecessary semicolon                                      no-extra-semi
   84:10  warning  Unnecessary semicolon                                      no-extra-semi
  137:9   warning  'part1' is not defined                                     no-undef
  138:9   warning  'part2' is not defined                                     no-undef
  143:10  warning  'checkMinimumDistance' is defined but never used           no-unused-vars

/home/runner/work/exp-block-codes-iiith/exp-block-codes-iiith/experiment/simulation/js/parity_check.js
    1:10   warning  'check1' is defined but never used          no-unused-vars
   26:95   warning  Unnecessary escape character: \(            no-useless-escape
   26:98   warning  Unnecessary escape character: \)            no-useless-escape
   31:86   warning  Unnecessary escape character: \(            no-useless-escape
   31:91   warning  Unnecessary escape character: \)            no-useless-escape
   36:91   warning  Unnecessary escape character: \(            no-useless-escape
   36:100  warning  Unnecessary escape character: \)            no-useless-escape
   48:10   warning  'check2' is defined but never used          no-unused-vars
   78:10   warning  'initial1' is defined but never used        no-unused-vars
   88:10   warning  'initial2' is defined but never used        no-unused-vars
  102:10   warning  'page1' is defined but never used           no-unused-vars
  114:10   warning  'page2' is defined but never used           no-unused-vars
  117:11   warning  'form2' is assigned a value but never used  no-unused-vars
  118:11   warning  'obs2' is assigned a value but never used   no-unused-vars

✖ 64 problems (0 errors, 64 warnings)
  0 errors and 3 warnings potentially fixable with the `--fix` option.

